La génération a démarré 03/12/2016 00:48:23.
     1>Projet "D:\Documents\l.maman\Desktop\Assignment_Lucien_MAMAN\Code_LucienMAMAN\Assignment_LucienMAMAN\Assignment_LucienMAMAN.vcxproj" sur le nœud 2 (Build cible(s)).
     1>ClCompile:
         C:\Program Files (x86)\Microsoft Visual Studio 12.0\VC\bin\CL.exe /c /ZI /nologo /W3 /WX- /sdl /Od /Oy- /D WIN32 /D _DEBUG /D _CONSOLE /D _LIB /D _UNICODE /D UNICODE /Gm /EHsc /RTC1 /MDd /GS /fp:precise /Zc:wchar_t /Zc:forScope /Fo"Debug\\" /Fd"Debug\vc120.pdb" /Gd /TP /analyze- /errorReport:prompt Errors.cpp Inputs_Outputs.cpp main.cpp Maths_Functions.cpp Schemes.cpp
         Schemes.cpp
         Maths_Functions.cpp
         main.cpp
         Inputs_Outputs.cpp
         Errors.cpp
         Génération de code en cours...
       Link:
         C:\Program Files (x86)\Microsoft Visual Studio 12.0\VC\bin\link.exe /ERRORREPORT:PROMPT /OUT:"D:\Documents\l.maman\Desktop\Assignment_Lucien_MAMAN\Code_LucienMAMAN\Debug\Assignment_LucienMAMAN.exe" /INCREMENTAL /NOLOGO kernel32.lib user32.lib gdi32.lib winspool.lib comdlg32.lib advapi32.lib shell32.lib ole32.lib oleaut32.lib uuid.lib odbc32.lib odbccp32.lib /MANIFEST /MANIFESTUAC:"level='asInvoker' uiAccess='false'" /manifest:embed /DEBUG /PDB:"D:\Documents\l.maman\Desktop\Assignment_Lucien_MAMAN\Code_LucienMAMAN\Debug\Assignment_LucienMAMAN.pdb" /SUBSYSTEM:CONSOLE /TLBID:1 /DYNAMICBASE /NXCOMPAT /IMPLIB:"D:\Documents\l.maman\Desktop\Assignment_Lucien_MAMAN\Code_LucienMAMAN\Debug\Assignment_LucienMAMAN.lib" /MACHINE:X86 Debug\Errors.obj
         Debug\Inputs_Outputs.obj
         Debug\main.obj
         Debug\Maths_Functions.obj
         Debug\Schemes.obj
         Assignment_LucienMAMAN.vcxproj -> D:\Documents\l.maman\Desktop\Assignment_Lucien_MAMAN\Code_LucienMAMAN\Debug\Assignment_LucienMAMAN.exe
     1>Génération du projet "D:\Documents\l.maman\Desktop\Assignment_Lucien_MAMAN\Code_LucienMAMAN\Assignment_LucienMAMAN\Assignment_LucienMAMAN.vcxproj" terminée (Build cible(s)).

La génération a réussi.

Temps écoulé 00:00:10.31
